<?xml version="1.0" encoding="UTF-8"?>
<!-- Generated by org.testng.reporters.JUnitReportReporter -->
<testsuite hostname="DESKTOP-IVI0LCO" failures="0" tests="3" name="testing.priority" time="0.026" errors="0" timestamp="2022-07-22T23:07:14 IST" skipped="0">
  <testcase classname="testing.priority" name="audio" time="0.017"/>
  <system-out>
    <![CDATA[audio]]>
  </system-out>
  <testcase classname="testing.priority" name="voice" time="0.003"/>
  <system-out>
    <![CDATA[voice]]>
  </system-out>
  <testcase classname="testing.priority" name="calls" time="0.006"/>
  <system-out>
    <![CDATA[Calls]]>
  </system-out>
</testsuite> <!-- testing.priority -->
