<?xml version="1.0" encoding="UTF-8"?>
<!-- Generated by org.testng.reporters.JUnitReportReporter -->
<testsuite hostname="DESKTOP-IVI0LCO" failures="0" tests="1" name="testing.test0" time="0.018" errors="0" timestamp="2022-07-25T23:54:42 IST" skipped="0">
  <testcase classname="testing.test0" name="demo" time="0.018"/>
  <system-out>
    <![CDATA[Namaste
Pranam]]>
  </system-out>
</testsuite> <!-- testing.test0 -->
