<?xml version="1.0" encoding="UTF-8"?>
<!-- Generated by org.testng.reporters.JUnitReportReporter -->
<testsuite hostname="DESKTOP-IVI0LCO" failures="0" tests="7" name="testing.invocationc" time="0.058" errors="0" timestamp="2022-07-25T21:23:43 IST" skipped="0">
  <testcase classname="testing.invocationc" name="calls" time="0.023"/>
  <system-out>
    <![CDATA[calls]]>
  </system-out>
  <testcase classname="testing.invocationc" name="calls" time="0.006"/>
  <system-out>
    <![CDATA[calls]]>
  </system-out>
  <testcase classname="testing.invocationc" name="settings" time="0.002"/>
  <system-out>
    <![CDATA[settings]]>
  </system-out>
  <testcase classname="testing.invocationc" name="settings" time="0.010"/>
  <system-out>
    <![CDATA[settings]]>
  </system-out>
  <testcase classname="testing.invocationc" name="calls" time="0.008"/>
  <system-out>
    <![CDATA[calls]]>
  </system-out>
  <testcase classname="testing.invocationc" name="calls" time="0.006"/>
  <system-out>
    <![CDATA[calls]]>
  </system-out>
  <testcase classname="testing.invocationc" name="chats" time="0.003"/>
  <system-out>
    <![CDATA[chats]]>
  </system-out>
</testsuite> <!-- testing.invocationc -->
